<?xml version="1.0" encoding="UTF-8"?>
<testng-results ignored="0" total="1" passed="1" failed="0" skipped="0">
  <reporter-output>
  </reporter-output>
  <suite started-at="2023-10-04T07:55:17 IST" name="Default suite" finished-at="2023-10-04T07:55:41 IST" duration-ms="23037">
    <groups>
    </groups>
    <test started-at="2023-10-04T07:55:17 IST" name="Default test" finished-at="2023-10-04T07:55:41 IST" duration-ms="23037">
      <class name="com.Equarz.Testcases.LoginTest">
        <test-method is-config="true" signature="Intialzation()[pri:0, instance:com.Equarz.Testcases.LoginTest@485966cc]" started-at="2023-10-04T07:55:18 IST" name="Intialzation" finished-at="2023-10-04T07:55:26 IST" duration-ms="8526" status="PASS">
          <reporter-output>
          </reporter-output>
        </test-method> <!-- Intialzation -->
        <test-method signature="VerifyLogin()[pri:0, instance:com.Equarz.Testcases.LoginTest@485966cc]" started-at="2023-10-04T07:55:26 IST" name="VerifyLogin" finished-at="2023-10-04T07:55:40 IST" duration-ms="14447" status="PASS">
          <reporter-output>
          </reporter-output>
        </test-method> <!-- VerifyLogin -->
      </class> <!-- com.Equarz.Testcases.LoginTest -->
    </test> <!-- Default test -->
  </suite> <!-- Default suite -->
</testng-results>
