<?xml version="1.0" encoding="UTF-8"?>
<!-- Generated by org.testng.reporters.JUnitXMLReporter -->
<testsuite ignored="0" hostname="DESKTOP-HNCTLOU" failures="0" tests="19" name="Default test" time="0.444" errors="0" timestamp="2023-10-04T06:56:34 IST">
  <testcase classname="com.Equarz.Testcases.homelinkstest" name="@BeforeClass login" time="0.013">
    <failure type="java.lang.Error" message="Unresolved compilation problem: 
	The method logindata() from the type Login_Functionality refers to the missing type homepage
">
      <![CDATA[java.lang.Error: Unresolved compilation problem: 
The method logindata() from the type Login_Functionality refers to the missing type homepage

at com.Equarz.Testcases.homelinkstest.login(homelinkstest.java:30)
at java.base/jdk.internal.reflect.NativeMethodAccessorImpl.invoke0(Native Method)
at java.base/jdk.internal.reflect.NativeMethodAccessorImpl.invoke(NativeMethodAccessorImpl.java:77)
at java.base/jdk.internal.reflect.DelegatingMethodAccessorImpl.invoke(DelegatingMethodAccessorImpl.java:43)
at java.base/java.lang.reflect.Method.invoke(Method.java:568)
at org.testng.internal.MethodInvocationHelper.invokeMethod(MethodInvocationHelper.java:133)
at org.testng.internal.MethodInvocationHelper.invokeMethodConsideringTimeout(MethodInvocationHelper.java:62)
at org.testng.internal.ConfigInvoker.invokeConfigurationMethod(ConfigInvoker.java:385)
at org.testng.internal.ConfigInvoker.invokeConfigurations(ConfigInvoker.java:321)
at org.testng.internal.TestMethodWorker.invokeBeforeClassMethods(TestMethodWorker.java:176)
at org.testng.internal.TestMethodWorker.run(TestMethodWorker.java:122)
at java.base/java.util.ArrayList.forEach(ArrayList.java:1511)
at org.testng.TestRunner.privateRun(TestRunner.java:794)
at org.testng.TestRunner.run(TestRunner.java:596)
at org.testng.SuiteRunner.runTest(SuiteRunner.java:377)
at org.testng.SuiteRunner.runSequentially(SuiteRunner.java:371)
at org.testng.SuiteRunner.privateRun(SuiteRunner.java:332)
at org.testng.SuiteRunner.run(SuiteRunner.java:276)
at org.testng.SuiteRunnerWorker.runSuite(SuiteRunnerWorker.java:53)
at org.testng.SuiteRunnerWorker.run(SuiteRunnerWorker.java:96)
at org.testng.TestNG.runSuitesSequentially(TestNG.java:1212)
at org.testng.TestNG.runSuitesLocally(TestNG.java:1134)
at org.testng.TestNG.runSuites(TestNG.java:1063)
at org.testng.TestNG.run(TestNG.java:1031)
at org.testng.remote.AbstractRemoteTestNG.run(AbstractRemoteTestNG.java:115)
at org.testng.remote.RemoteTestNG.initAndRun(RemoteTestNG.java:251)
at org.testng.remote.RemoteTestNG.main(RemoteTestNG.java:77)
]]>
    </failure>
  </testcase> <!-- @BeforeClass login -->
  <testcase classname="com.Equarz.Testcases.homelinkstest" name="@BeforeMethod initialize" time="-1.696382793928E9">
    <skipped/>
  </testcase> <!-- @BeforeMethod initialize -->
  <testcase classname="com.Equarz.Testcases.homelinkstest" name="@BeforeMethod initialize" time="-1.696382793939E9">
    <skipped/>
  </testcase> <!-- @BeforeMethod initialize -->
  <testcase classname="com.Equarz.Testcases.homelinkstest" name="@BeforeMethod initialize" time="-1.696382793956E9">
    <skipped/>
  </testcase> <!-- @BeforeMethod initialize -->
  <testcase classname="com.Equarz.Testcases.homelinkstest" name="@BeforeMethod initialize" time="-1.696382793966E9">
    <skipped/>
  </testcase> <!-- @BeforeMethod initialize -->
  <testcase classname="com.Equarz.Testcases.homelinkstest" name="@BeforeMethod initialize" time="-1.696382793979E9">
    <skipped/>
  </testcase> <!-- @BeforeMethod initialize -->
  <testcase classname="com.Equarz.Testcases.homelinkstest" name="@BeforeMethod initialize" time="-1.696382793996E9">
    <skipped/>
  </testcase> <!-- @BeforeMethod initialize -->
  <testcase classname="com.Equarz.Testcases.homelinkstest" name="@BeforeMethod initialize" time="-1.696382794007E9">
    <skipped/>
  </testcase> <!-- @BeforeMethod initialize -->
  <testcase classname="com.Equarz.Testcases.homelinkstest" name="@BeforeMethod initialize" time="-1.696382794015E9">
    <skipped/>
  </testcase> <!-- @BeforeMethod initialize -->
  <testcase classname="com.Equarz.Testcases.homelinkstest" name="@BeforeMethod initialize" time="-1.696382794022E9">
    <skipped/>
  </testcase> <!-- @BeforeMethod initialize -->
  <testcase classname="com.Equarz.Testcases.homelinkstest" name="@BeforeMethod initialize" time="-1.696382794028E9">
    <skipped/>
  </testcase> <!-- @BeforeMethod initialize -->
  <testcase classname="com.Equarz.Testcases.homelinkstest" name="@BeforeMethod initialize" time="-1.696382794047E9">
    <skipped/>
  </testcase> <!-- @BeforeMethod initialize -->
  <testcase classname="com.Equarz.Testcases.homelinkstest" name="@BeforeMethod initialize" time="-1.696382794069E9">
    <skipped/>
  </testcase> <!-- @BeforeMethod initialize -->
  <testcase classname="com.Equarz.Testcases.homelinkstest" name="@BeforeMethod initialize" time="-1.696382794085E9">
    <skipped/>
  </testcase> <!-- @BeforeMethod initialize -->
  <testcase classname="com.Equarz.Testcases.homelinkstest" name="@BeforeMethod initialize" time="-1.696382794094E9">
    <skipped/>
  </testcase> <!-- @BeforeMethod initialize -->
  <testcase classname="com.Equarz.Testcases.homelinkstest" name="@BeforeMethod initialize" time="-1.696382794111E9">
    <skipped/>
  </testcase> <!-- @BeforeMethod initialize -->
  <testcase classname="com.Equarz.Testcases.homelinkstest" name="@BeforeMethod initialize" time="-1.696382794125E9">
    <skipped/>
  </testcase> <!-- @BeforeMethod initialize -->
  <testcase classname="com.Equarz.Testcases.homelinkstest" name="@BeforeMethod initialize" time="-1.696382794136E9">
    <skipped/>
  </testcase> <!-- @BeforeMethod initialize -->
  <testcase classname="com.Equarz.Testcases.homelinkstest" name="@BeforeMethod initialize" time="-1.696382794148E9">
    <skipped/>
  </testcase> <!-- @BeforeMethod initialize -->
  <testcase classname="com.Equarz.Testcases.homelinkstest" name="@BeforeMethod initialize" time="-1.696382794168E9">
    <skipped/>
  </testcase> <!-- @BeforeMethod initialize -->
  <testcase classname="com.Equarz.Testcases.homelinkstest" name="AboutCompany" time="0.0">
    <skipped/>
  </testcase> <!-- AboutCompany -->
  <testcase classname="com.Equarz.Testcases.homelinkstest" name="Cancelation" time="0.0">
    <skipped/>
  </testcase> <!-- Cancelation -->
  <testcase classname="com.Equarz.Testcases.homelinkstest" name="Contactus" time="0.0">
    <skipped/>
  </testcase> <!-- Contactus -->
  <testcase classname="com.Equarz.Testcases.homelinkstest" name="FaceBook" time="0.0">
    <skipped/>
  </testcase> <!-- FaceBook -->
  <testcase classname="com.Equarz.Testcases.homelinkstest" name="Googleplus" time="0.0">
    <skipped/>
  </testcase> <!-- Googleplus -->
  <testcase classname="com.Equarz.Testcases.homelinkstest" name="Helptopic" time="0.0">
    <skipped/>
  </testcase> <!-- Helptopic -->
  <testcase classname="com.Equarz.Testcases.homelinkstest" name="Instagram" time="0.0">
    <skipped/>
  </testcase> <!-- Instagram -->
  <testcase classname="com.Equarz.Testcases.homelinkstest" name="Linkeidn" time="0.0">
    <skipped/>
  </testcase> <!-- Linkeidn -->
  <testcase classname="com.Equarz.Testcases.homelinkstest" name="Pininterst" time="0.0">
    <skipped/>
  </testcase> <!-- Pininterst -->
  <testcase classname="com.Equarz.Testcases.homelinkstest" name="Profile" time="0.0">
    <skipped/>
  </testcase> <!-- Profile -->
  <testcase classname="com.Equarz.Testcases.homelinkstest" name="Refundpolicy" time="0.0">
    <skipped/>
  </testcase> <!-- Refundpolicy -->
  <testcase classname="com.Equarz.Testcases.homelinkstest" name="Returnpolicy" time="0.0">
    <skipped/>
  </testcase> <!-- Returnpolicy -->
  <testcase classname="com.Equarz.Testcases.homelinkstest" name="SupportTicket" time="0.0">
    <skipped/>
  </testcase> <!-- SupportTicket -->
  <testcase classname="com.Equarz.Testcases.homelinkstest" name="TopRated" time="0.0">
    <skipped/>
  </testcase> <!-- TopRated -->
  <testcase classname="com.Equarz.Testcases.homelinkstest" name="TrackOrder" time="0.0">
    <skipped/>
  </testcase> <!-- TrackOrder -->
  <testcase classname="com.Equarz.Testcases.homelinkstest" name="bestselling" time="0.0">
    <skipped/>
  </testcase> <!-- bestselling -->
  <testcase classname="com.Equarz.Testcases.homelinkstest" name="featurproduct" time="0.0">
    <skipped/>
  </testcase> <!-- featurproduct -->
  <testcase classname="com.Equarz.Testcases.homelinkstest" name="latstproduct" time="0.0">
    <skipped/>
  </testcase> <!-- latstproduct -->
  <testcase classname="com.Equarz.Testcases.homelinkstest" name="twitter" time="0.0">
    <skipped/>
  </testcase> <!-- twitter -->
</testsuite> <!-- Default test -->
